====================test_files/short_text.txt====================
====================test_files/long_text.txt====================
74.6
75.05
75.125
75.05
74.175
73.9
75.525
77.075
75.55
75.8
74.875
74.35
74.7
75.875
75.0
74.05
74.55
74.025
75.625
74.5
74.275
74.05
74.975
74.925
74.875
74.625
75.3
74.9
75.9
75.0
74.85
75.65
75.7
75.4
75.625
75.275
74.7
77.15
75.475
76.575
75.55
75.0
====================test_files/at_logo.png====================
75.275
75.825
74.7
76.15
74.6
74.75
75.45
75.175
74.75
74.525
74.55
74.2
75.65
74.7
74.125
76.25
75.45
75.05
74.625
75.15
76.05
74.85
74.7
74.8
76.2
75.45
73.925
75.425
75.475
74.825
76.125
75.05
74.35
73.075
74.55
75.6
74.975
76.075
74.975
74.725
74.4
75.125
74.15
75.95
74.225
74.825
75.05
74.35
74.875
74.925
75.225
74.375
75.275
75.3
75.325
75.075
74.85
74.375
76.475
75.2
76.075
74.875
76.8
75.05
74.625
74.15
74.975
74.475
75.3
75.825
75.625
75.65
75.45
73.225
74.825
75.2
76.0
75.05
74.5
74.625
75.425
75.7
75.35
75.95
75.025
75.775
75.35
74.625
74.925
74.3
75.475
75.4
75.325
75.1
74.425
74.4
75.6
74.85
73.75
73.925
73.75
75.625
74.75
75.1
74.35
74.0
75.05
75.4
74.425
74.775
75.5
73.9
75.675
76.125
75.85
74.75
74.875
75.525
75.0
74.8
74.975
75.2
74.0
76.025
75.625
74.225
75.6
76.1
74.125
74.95
74.925
74.975
74.7
74.525
73.725
