====================test_files/short_text.txt====================
48.725
====================test_files/long_text.txt====================
50.775
51.0
50.0
49.75
50.425
50.275
49.55
51.4
49.575
50.025
51.35
50.225
51.1
50.775
50.125
50.425
50.625
47.925
50.075
49.775
51.225
50.6
49.7
51.0
50.85
50.825
49.725
50.825
49.175
49.65
50.15
48.975
50.95
51.275
50.5
51.2
49.725
49.1
50.175
48.65
50.5
49.275
50.15
49.875
50.975
49.55
50.05
49.575
50.075
51.075
48.875
50.025
50.4
49.9
49.45
49.45
48.65
49.675
49.925
50.7
49.775
50.875
49.6
50.5
50.025
50.225
49.025
51.65
49.675
49.0
50.675
49.65
49.6
49.825
51.6
50.6
50.8
50.625
50.225
49.95
49.875
49.575
49.65
49.8
49.075
49.775
50.875
50.45
49.25
51.325
====================test_files/at_logo.png====================
51.15
49.8
50.35
49.6
49.9
49.35
49.275
49.875
50.175
48.35
49.425
51.05
49.8
50.025
49.925
48.65
49.25
50.975
49.95
49.375
50.775
50.375
48.825
50.925
50.175
52.95
48.625
50.325
48.525
51.025
48.9
49.3
49.875
50.625
50.975
49.95
49.825
51.075
49.6
49.5
49.9
50.1
50.75
50.1
49.55
48.5
49.15
49.2
49.025
49.675
49.475
50.2
50.075
50.65
51.05
48.65
49.2
49.075
49.8
48.8
49.875
49.6
48.9
49.9
50.0
49.4
49.375
51.0
49.125
50.625
49.3
49.7
49.7
49.0
51.2
49.925
49.25
49.075
49.825
50.975
50.325
50.0
49.9
49.425
50.975
50.475
49.65
49.825
48.975
50.85
49.25
51.6
50.5
50.475
49.225
51.85
50.475
48.925
50.25
50.025
50.15
50.475
49.025
48.85
49.325
50.4
50.35
49.9
50.25
49.15
50.275
49.275
50.925
50.975
49.375
50.8
48.1
49.8
50.55
49.65
50.5
49.35
49.8
48.75
51.225
49.45
50.7
50.525
50.225
47.725
49.675
48.475
49.35
49.95
49.725
49.2
50.825
51.25
49.3
50.45
51.1
50.925
50.65
49.275
50.325
50.75
50.625
51.05
49.175
49.175
49.3
49.1
50.275
49.825
49.275
49.9
50.075
51.425
51.45
49.75
50.7
48.725
49.55
49.875
50.375
49.275
50.85
49.475
50.625
50.0
49.8
50.225
50.95
49.925
49.675
50.625
50.175
50.9
49.675
49.15
48.875
50.425
50.8
49.95
49.5
50.65
50.225
50.85
50.25
49.775
50.075
49.25
50.125
50.425
49.025
50.55
49.5
50.6
50.05
49.45
50.4
51.225
49.8
51.825
50.975
49.675
48.675
49.625
49.625
48.525
49.125
50.8
48.75
50.4
48.9
49.025
51.925
49.775
50.475
49.175
48.725
48.325
49.425
50.375
50.625
50.25
50.4
51.125
50.225
50.4
51.15
50.2
50.225
49.775
49.4
49.85
50.125
48.7
50.45
50.45
51.825
50.525
50.05
49.8
50.325
49.175
49.975
50.65
50.4
50.475
49.8
49.875
50.35
49.825
49.0
50.15
50.075
49.05
51.8
49.825
49.325
50.425
50.525
51.325
49.375
49.575
50.825
50.475
50.55
50.8
50.075
50.875
49.3
49.525
49.925
50.3
50.675
49.4
49.35
48.725
49.025
49.4
50.075
49.125
50.55
49.375
50.225
49.975
49.275
50.25
49.925
47.95
49.825
48.675
50.775
49.325
51.425
50.575
50.275
