====================test_files/short_text.txt====================
====================test_files/long_text.txt====================
48.85
49.05
50.35
50.425
49.45
49.475
50.575
51.25
50.05
51.275
49.95
48.425
49.35
49.025
50.375
49.025
49.7
49.6
50.425
49.525
49.825
49.75
49.8
49.775
49.05
49.075
51.0
49.35
49.95
49.325
50.35
50.325
51.775
49.9
49.6
49.7
49.075
51.075
51.45
51.0
50.75
48.825
====================test_files/at_logo.png====================
51.525
51.0
49.8
50.575
48.3
49.4
51.25
50.2
49.65
50.4
50.475
48.975
49.1
49.1
48.9
50.7
50.25
49.975
49.05
50.35
49.95
48.6
49.725
49.825
50.975
51.15
49.175
50.225
49.375
49.725
49.1
50.95
49.0
48.0
49.2
49.85
49.75
51.35
50.625
48.775
50.15
50.35
48.4
49.65
49.3
51.5
49.275
49.925
50.4
50.6
50.25
49.225
49.375
49.475
49.475
49.225
50.05
49.675
51.2
50.9
50.625
51.5
50.525
48.9
49.3
48.775
49.7
49.025
49.6
49.325
50.3
50.25
51.425
50.2
48.75
50.35
51.0
49.075
48.85
50.4
50.075
50.975
50.675
51.25
50.175
51.05
49.825
49.675
47.8
49.75
51.175
49.475
50.2
50.5
49.925
50.2
50.1
51.125
48.75
49.4
48.725
50.75
49.7
51.175
49.825
50.1
49.65
49.725
49.7
50.975
50.775
51.025
50.225
52.725
50.7
49.85
50.175
49.6
49.425
48.8
49.65
51.125
49.8
51.375
50.175
50.125
50.8
50.475
49.525
50.35
49.075
49.775
50.6
49.725
49.925
