====================test_files/short_text.txt====================
74.5, False
====================test_files/long_text.txt====================
62.8, True
62.525, True
62.25, True
74.625, False
62.925, True
62.125, True
74.875, False
75.575, False
74.225, False
75.65, False
61.775, True
75.275, False
75.125, False
64.1, True
62.7, True
61.975, True
75.475, False
74.325, False
74.575, False
75.15, False
63.85, True
62.8, True
75.275, False
75.025, False
63.075, True
75.525, False
61.5, True
63.675, True
62.175, True
74.775, False
61.15, True
74.275, False
76.1, False
62.65, True
61.875, True
62.05, True
74.2, False
74.75, False
75.9, False
62.225, True
75.25, False
60.925, True
62.3, True
74.9, False
76.075, False
62.7, True
62.55, True
73.975, False
75.2, False
62.4, True
74.7, False
63.05, True
74.1, False
75.1, False
73.8, False
75.325, False
62.65, True
75.125, False
61.425, True
74.65, False
74.625, False
63.075, True
61.975, True
61.35, True
74.1, False
63.25, True
74.35, False
75.275, False
62.375, True
63.05, True
75.525, False
75.4, False
74.625, False
74.325, False
76.075, False
74.925, False
75.25, False
74.8, False
74.425, False
74.7, False
63.125, True
61.95, True
61.75, True
75.775, False
64.4, True
62.6, True
62.675, True
63.05, True
61.5, True
74.65, False
====================test_files/at_logo.png====================
75.575, False
62.775, True
64.1, True
63.8, True
62.6, True
74.4, False
75.8, False
61.45, True
75.25, False
73.975, False
75.4, False
75.75, False
61.775, True
75.2, False
75.4, False
74.1, False
74.625, False
75.725, False
74.875, False
74.9, False
75.3, False
74.55, False
75.575, False
75.75, False
75.4, False
63.275, True
74.1, False
75.0, False
74.325, False
62.725, True
74.675, False
62.0, True
61.2, True
62.325, True
75.2, False
61.575, True
63.025, True
74.2, False
74.25, False
63.6, True
63.0, True
62.625, True
75.625, False
75.125, False
62.95, True
73.95, False
62.25, True
62.25, True
73.925, False
61.625, True
63.725, True
75.725, False
75.25, False
62.525, True
75.75, False
60.825, True
61.925, True
74.025, False
73.625, False
62.475, True
74.0, False
63.325, True
73.575, False
76.4, False
75.25, False
75.075, False
74.175, False
75.975, False
75.175, False
75.425, False
74.425, False
75.725, False
61.375, True
62.85, True
63.075, True
61.15, True
75.075, False
64.3, True
75.575, False
75.425, False
75.55, False
75.425, False
75.525, False
62.425, True
61.8, True
61.125, True
61.7, True
75.675, False
63.425, True
75.675, False
74.525, False
62.9, True
62.8, True
62.1, True
73.875, False
62.9, True
74.825, False
73.625, False
61.675, True
62.625, True
62.275, True
64.35, True
74.2, False
61.675, True
62.95, True
62.625, True
61.9, True
61.225, True
62.55, True
62.825, True
62.325, True
74.275, False
75.075, False
75.85, False
73.775, False
63.275, True
73.675, False
62.675, True
75.8, False
63.125, True
62.275, True
74.45, False
75.05, False
62.1, True
75.95, False
75.225, False
61.275, True
74.75, False
75.3, False
74.55, False
75.0, False
74.55, False
73.925, False
63.35, True
62.725, True
74.775, False
76.05, False
63.175, True
75.025, False
75.325, False
75.975, False
75.3, False
63.675, True
74.525, False
74.85, False
75.275, False
63.625, True
63.625, True
74.575, False
73.6, False
75.125, False
74.55, False
74.35, False
74.9, False
73.925, False
74.8, False
74.725, False
62.175, True
62.5, True
63.0, True
61.825, True
61.55, True
63.4, True
61.275, True
74.875, False
74.825, False
62.5, True
75.575, False
63.175, True
61.275, True
74.65, False
74.3, False
63.15, True
75.45, False
75.15, False
63.7, True
75.6, False
76.1, False
75.5, False
62.875, True
73.75, False
75.425, False
63.1, True
75.375, False
61.45, True
76.15, False
63.05, True
62.275, True
63.25, True
74.8, False
75.875, False
62.0, True
74.8, False
75.5, False
74.25, False
74.575, False
62.225, True
75.45, False
75.225, False
62.425, True
74.8, False
63.8, True
74.5, False
63.125, True
75.5, False
75.275, False
61.375, True
74.6, False
61.95, True
74.15, False
75.225, False
61.325, True
73.85, False
62.275, True
74.25, False
74.55, False
75.45, False
63.0, True
61.95, True
74.85, False
74.95, False
62.025, True
75.3, False
62.975, True
75.575, False
61.55, True
61.85, True
76.575, False
74.675, False
61.975, True
74.925, False
62.6, True
63.0, True
62.175, True
62.7, True
62.95, True
74.675, False
74.7, False
75.45, False
62.2, True
76.425, False
62.025, True
75.45, False
62.35, True
75.25, False
75.225, False
63.475, True
62.3, True
61.8, True
62.875, True
63.475, True
74.875, False
73.375, False
62.825, True
61.65, True
75.425, False
75.225, False
75.525, False
63.675, True
63.35, True
74.5, False
61.425, True
62.175, True
76.25, False
74.4, False
63.625, True
63.25, True
63.3, True
75.0, False
61.4, True
62.55, True
61.55, True
62.825, True
74.025, False
74.5, False
75.3, False
74.35, False
62.875, True
73.8, False
74.475, False
61.775, True
62.4, True
75.45, False
73.125, False
75.575, False
62.95, True
62.725, True
61.3, True
63.4, True
63.675, True
75.225, False
61.925, True
62.6, True
74.05, False
75.65, False
61.1, True
75.225, False
76.2, False
75.275, False
