====================test_files/short_text.txt====================
100.0, False
====================test_files/long_text.txt====================
74.79074347612014, True
73.77450980392157, True
74.0, True
100.0, False
73.97124442240953, True
75.68373943311785, True
100.0, False
100.0, False
100.0, False
100.0, False
73.904576436222, True
100.0, False
100.0, False
75.67700640078779, True
74.56359102244389, True
74.86365889935549, True
100.0, False
100.0, False
100.0, False
100.0, False
75.54904831625183, True
76.13636363636364, True
100.0, False
100.0, False
75.36873156342183, True
100.0, False
73.50427350427351, True
75.35661583866208, True
74.68225724453482, True
100.0, False
73.57926221335993, True
100.0, False
100.0, False
75.18283764017552, True
74.55445544554455, True
73.92578125, True
100.0, False
100.0, False
100.0, False
75.89928057553958, True
100.0, False
74.07407407407408, True
74.22731804586242, True
100.0, False
100.0, False
75.37840565085772, True
74.97502497502498, True
100.0, False
100.0, False
73.91091532060695, True
100.0, False
74.16291854072963, True
100.0, False
100.0, False
100.0, False
100.0, False
74.10071942446042, True
100.0, False
74.16124186279418, True
100.0, False
100.0, False
75.18427518427518, True
74.49596774193549, True
73.76237623762376, True
100.0, False
75.65953210552514, True
100.0, False
100.0, False
74.43381982888778, True
75.15306122448979, True
100.0, False
100.0, False
100.0, False
100.0, False
100.0, False
100.0, False
100.0, False
100.0, False
100.0, False
100.0, False
75.13784461152882, True
74.0292486132123, True
74.06847935548842, True
100.0, False
76.97401935812532, True
75.89151180311401, True
74.5945945945946, True
74.4796828543112, True
73.65482233502539, True
100.0, False
====================test_files/at_logo.png====================
100.0, False
76.10441767068274, True
77.40814299900694, True
77.62096774193549, True
74.79959919839679, True
100.0, False
100.0, False
73.58395989974937, True
100.0, False
100.0, False
100.0, False
100.0, False
73.49397590361446, True
100.0, False
100.0, False
100.0, False
100.0, False
100.0, False
100.0, False
100.0, False
100.0, False
100.0, False
100.0, False
100.0, False
100.0, False
75.1180358829084, True
100.0, False
100.0, False
100.0, False
74.0813326800588, True
100.0, False
74.34077079107504, True
73.93483709273183, True
74.46913580246914, True
100.0, False
74.02402402402403, True
75.61465127947817, True
100.0, False
100.0, False
76.11111111111111, True
74.8997995991984, True
74.45109780439122, True
100.0, False
100.0, False
74.36932391523713, True
100.0, False
74.82197355035606, True
75.71138211382113, True
100.0, False
74.58480120785104, True
76.20010106114199, True
100.0, False
100.0, False
73.54392892398816, True
100.0, False
74.20349434737923, True
73.22154471544715, True
100.0, False
100.0, False
76.12704918032787, True
100.0, False
76.6633064516129, True
100.0, False
100.0, False
100.0, False
100.0, False
100.0, False
100.0, False
100.0, False
100.0, False
100.0, False
100.0, False
73.44064386317908, True
75.05102040816325, True
76.416015625, True
74.16124186279418, True
100.0, False
75.80234335201223, True
100.0, False
100.0, False
100.0, False
100.0, False
100.0, False
75.01264542235711, True
73.12408043158412, True
74.73997028231798, True
74.77341389728097, True
100.0, False
75.44665645737622, True
100.0, False
100.0, False
75.0, True
74.20792079207921, True
75.13620604259535, True
100.0, False
74.20443587270974, True
100.0, False
100.0, False
75.4726368159204, True
75.61219390304848, True
74.22731804586242, True
74.83902922238732, True
100.0, False
74.51381780962129, True
76.88798783578306, True
73.90873015873017, True
74.47864945382324, True
74.44889779559118, True
75.17412935323384, True
75.58494404883011, True
73.99303828940825, True
100.0, False
100.0, False
100.0, False
100.0, False
74.50787401574803, True
100.0, False
75.50200803212851, True
100.0, False
74.26988922457201, True
74.60396039603961, True
100.0, False
100.0, False
75.58974358974359, True
100.0, False
100.0, False
73.42209072978304, True
100.0, False
100.0, False
100.0, False
100.0, False
100.0, False
100.0, False
75.07507507507508, True
76.16892911010558, True
100.0, False
100.0, False
74.6829268292683, True
100.0, False
100.0, False
100.0, False
100.0, False
77.1964461994077, True
100.0, False
100.0, False
100.0, False
75.30864197530865, True
74.14299706170421, True
100.0, False
100.0, False
100.0, False
100.0, False
100.0, False
100.0, False
100.0, False
100.0, False
100.0, False
75.4982984929509, True
74.34402332361516, True
75.32663316582915, True
74.16173570019724, True
73.01180092355054, True
75.22704339051464, True
73.63408521303259, True
100.0, False
100.0, False
74.48377581120944, True
100.0, False
76.29629629629629, True
73.7, True
100.0, False
100.0, False
73.65063788027479, True
100.0, False
100.0, False
75.25925925925925, True
100.0, False
100.0, False
100.0, False
74.82197355035606, True
100.0, False
100.0, False
75.0492125984252, True
100.0, False
72.92929292929293, True
100.0, False
75.7093081134893, True
74.38544739429696, True
76.81592039800995, True
100.0, False
100.0, False
75.58375634517766, True
100.0, False
100.0, False
100.0, False
100.0, False
76.31313131313131, True
100.0, False
100.0, False
76.08695652173914, True
100.0, False
75.93948267447536, True
100.0, False
75.68740955137481, True
100.0, False
100.0, False
73.70313302516692, True
100.0, False
73.85390428211586, True
100.0, False
100.0, False
74.70472440944881, True
100.0, False
73.66071428571429, True
100.0, False
100.0, False
100.0, False
75.18834756403817, True
75.08667657256068, True
100.0, False
100.0, False
75.42679772374548, True
100.0, False
76.32754342431762, True
100.0, False
73.38308457711443, True
74.35515873015873, True
100.0, False
100.0, False
75.04960317460318, True
100.0, False
75.94621513944223, True
75.5599800895968, True
75.03766951280764, True
75.15182186234817, True
75.9779338014042, True
100.0, False
100.0, False
100.0, False
74.52923686818632, True
100.0, False
74.22068283028203, True
100.0, False
74.84939759036145, True
100.0, False
100.0, False
75.93796898449224, True
73.98815399802567, True
74.45436507936508, True
76.2258543833581, True
76.10441767068274, True
100.0, False
100.0, False
75.46412443552434, True
74.38775510204081, True
100.0, False
100.0, False
100.0, False
74.66216216216216, True
76.61816357250376, True
100.0, False
73.42588001983144, True
74.51756556160318, True
100.0, False
100.0, False
75.23953605648008, True
75.25823905558289, True
74.44279346210996, True
100.0, False
73.76968503937007, True
75.48676984523215, True
75.03685503685503, True
76.92697768762677, True
100.0, False
100.0, False
100.0, False
100.0, False
75.20242914979757, True
100.0, False
100.0, False
75.01274859765425, True
75.35425101214574, True
100.0, False
100.0, False
100.0, False
76.50632911392405, True
75.06222000995521, True
73.58679339669834, True
75.84982242516489, True
75.82089552238806, True
100.0, False
76.53806047966631, True
75.96588058203713, True
100.0, False
100.0, False
74.50582868727825, True
100.0, False
100.0, False
100.0, False
